<?xml version='1.0' encoding='UTF-8'?>
<testsuite hostname="MLINPUAN1502-0028" name="com.tw.intergalactic.utils.TextReaderTest" tests="1" errors="0" failures="1" skipped="0" time="0.058">
                     <properties>
[...]
</properties>
                     <testcase classname="com.tw.intergalactic.utils.TextReaderTest" name="Text Reader should read file line by line" time="0.058">
                                                 <failure message="List(&quot;glob is I&quot;, &quot;prok is V&quot;, &quot;pish is X&quot;, &quot;tegj is L&quot;, &quot;glob glob Silver is 34 Credits&quot;, &quot;how many Credits is glob prok Silver ?&quot;, &quot;how much wood could a wotegj is L&quot;, &quot;glob prok Gold is 57800 Credits&quot;, &quot;pish pish Iron is 3910 Credits&quot;, &quot;how many Credits is glob prok Gold ?&quot;, &quot;how many Credits is glob prok Iron ?&quot;, &quot;how much wood could a woodchuck chuck if a woodchuck could chuck wood ?&quot;, &quot;ron is 3910 Credits&quot;) did not equal List(&quot;glob is I&quot;, &quot;glob glob Silver is 34 Credits&quot;, &quot;how much is pish tegj glob glob ?&quot;, &quot;how many Credits is glob prok Silver ?&quot;, &quot;prok is V&quot;, &quot;pish is X&quot;, &quot;tegj is L&quot;, &quot;glob prok Gold is 57800 Credits&quot;, &quot;pish pish Iron is 3910 Credits&quot;, &quot;how many Credits is glob prok Gold ?&quot;, &quot;how many Credits is glob prok Iron ?&quot;, &quot;how much wood could a woodchuck chuck if a woodchuck could chuck wood ?&quot;)" type="org.scalatest.exceptions.TestFailedException">org.scalatest.exceptions.TestFailedException: List(&quot;glob is I&quot;, &quot;prok is V&quot;, &quot;pish is X&quot;, &quot;tegj is L&quot;, &quot;glob glob Silver is 34 Credits&quot;, &quot;how many Credits is glob prok Silver ?&quot;, &quot;how much wood could a wotegj is L&quot;, &quot;glob prok Gold is 57800 Credits&quot;, &quot;pish pish Iron is 3910 Credits&quot;, &quot;how many Credits is glob prok Gold ?&quot;, &quot;how many Credits is glob prok Iron ?&quot;, &quot;how much wood could a woodchuck chuck if a woodchuck could chuck wood ?&quot;, &quot;ron is 3910 Credits&quot;) did not equal List(&quot;glob is I&quot;, &quot;glob glob Silver is 34 Credits&quot;, &quot;how much is pish tegj glob glob ?&quot;, &quot;how many Credits is glob prok Silver ?&quot;, &quot;prok is V&quot;, &quot;pish is X&quot;, &quot;tegj is L&quot;, &quot;glob prok Gold is 57800 Credits&quot;, &quot;pish pish Iron is 3910 Credits&quot;, &quot;how many Credits is glob prok Gold ?&quot;, &quot;how many Credits is glob prok Iron ?&quot;, &quot;how much wood could a woodchuck chuck if a woodchuck could chuck wood ?&quot;)
	at org.scalatest.MatchersHelper$.indicateFailure(MatchersHelper.scala:340)
	at org.scalatest.Matchers$AnyShouldWrapper.shouldEqual(Matchers.scala:6742)
	at com.tw.intergalactic.utils.TextReaderTest$$anonfun$1$$anonfun$apply$mcV$sp$1.apply$mcV$sp(TextReaderTest.scala:40)
	at com.tw.intergalactic.utils.TextReaderTest$$anonfun$1$$anonfun$apply$mcV$sp$1.apply(TextReaderTest.scala:31)
	at com.tw.intergalactic.utils.TextReaderTest$$anonfun$1$$anonfun$apply$mcV$sp$1.apply(TextReaderTest.scala:31)
	at org.scalatest.OutcomeOf$class.outcomeOf(OutcomeOf.scala:85)
	at org.scalatest.OutcomeOf$.outcomeOf(OutcomeOf.scala:104)
	at org.scalatest.Transformer.apply(Transformer.scala:22)
	at org.scalatest.Transformer.apply(Transformer.scala:20)
	at org.scalatest.FunSpecLike$$anon$1.apply(FunSpecLike.scala:454)
	at org.scalatest.TestSuite$class.withFixture(TestSuite.scala:196)
	at org.scalatest.FunSpec.withFixture(FunSpec.scala:1630)
	at org.scalatest.FunSpecLike$class.invokeWithFixture$1(FunSpecLike.scala:451)
	at org.scalatest.FunSpecLike$$anonfun$runTest$1.apply(FunSpecLike.scala:464)
	at org.scalatest.FunSpecLike$$anonfun$runTest$1.apply(FunSpecLike.scala:464)
	at org.scalatest.SuperEngine.runTestImpl(Engine.scala:289)
	at org.scalatest.FunSpecLike$class.runTest(FunSpecLike.scala:464)
	at org.scalatest.FunSpec.runTest(FunSpec.scala:1630)
	at org.scalatest.FunSpecLike$$anonfun$runTests$1.apply(FunSpecLike.scala:497)
	at org.scalatest.FunSpecLike$$anonfun$runTests$1.apply(FunSpecLike.scala:497)
	at org.scalatest.SuperEngine$$anonfun$traverseSubNodes$1$1.apply(Engine.scala:396)
	at org.scalatest.SuperEngine$$anonfun$traverseSubNodes$1$1.apply(Engine.scala:384)
	at scala.collection.immutable.List.foreach(List.scala:381)
	at org.scalatest.SuperEngine.traverseSubNodes$1(Engine.scala:384)
	at org.scalatest.SuperEngine.org$scalatest$SuperEngine$$runTestsInBranch(Engine.scala:373)
	at org.scalatest.SuperEngine$$anonfun$traverseSubNodes$1$1.apply(Engine.scala:410)
	at org.scalatest.SuperEngine$$anonfun$traverseSubNodes$1$1.apply(Engine.scala:384)
	at scala.collection.immutable.List.foreach(List.scala:381)
	at org.scalatest.SuperEngine.traverseSubNodes$1(Engine.scala:384)
	at org.scalatest.SuperEngine.org$scalatest$SuperEngine$$runTestsInBranch(Engine.scala:379)
	at org.scalatest.SuperEngine.runTestsImpl(Engine.scala:461)
	at org.scalatest.FunSpecLike$class.runTests(FunSpecLike.scala:497)
	at org.scalatest.FunSpec.runTests(FunSpec.scala:1630)
	at org.scalatest.Suite$class.run(Suite.scala:1147)
	at org.scalatest.FunSpec.org$scalatest$FunSpecLike$$super$run(FunSpec.scala:1630)
	at org.scalatest.FunSpecLike$$anonfun$run$1.apply(FunSpecLike.scala:501)
	at org.scalatest.FunSpecLike$$anonfun$run$1.apply(FunSpecLike.scala:501)
	at org.scalatest.SuperEngine.runImpl(Engine.scala:521)
	at org.scalatest.FunSpecLike$class.run(FunSpecLike.scala:501)
	at org.scalatest.FunSpec.run(FunSpec.scala:1630)
	at org.scalatest.tools.Framework.org$scalatest$tools$Framework$$runSuite(Framework.scala:314)
	at org.scalatest.tools.Framework$ScalaTestTask.execute(Framework.scala:480)
	at sbt.TestRunner.runTest$1(TestFramework.scala:76)
	at sbt.TestRunner.run(TestFramework.scala:85)
	at sbt.TestFramework$$anon$2$$anonfun$$init$$1$$anonfun$apply$8.apply(TestFramework.scala:202)
	at sbt.TestFramework$$anon$2$$anonfun$$init$$1$$anonfun$apply$8.apply(TestFramework.scala:202)
	at sbt.TestFramework$.sbt$TestFramework$$withContextLoader(TestFramework.scala:185)
	at sbt.TestFramework$$anon$2$$anonfun$$init$$1.apply(TestFramework.scala:202)
	at sbt.TestFramework$$anon$2$$anonfun$$init$$1.apply(TestFramework.scala:202)
	at sbt.TestFunction.apply(TestFramework.scala:207)
	at sbt.Tests$$anonfun$9.apply(Tests.scala:216)
	at sbt.Tests$$anonfun$9.apply(Tests.scala:216)
	at sbt.std.Transform$$anon$3$$anonfun$apply$2.apply(System.scala:44)
	at sbt.std.Transform$$anon$3$$anonfun$apply$2.apply(System.scala:44)
	at sbt.std.Transform$$anon$4.work(System.scala:63)
	at sbt.Execute$$anonfun$submit$1$$anonfun$apply$1.apply(Execute.scala:228)
	at sbt.Execute$$anonfun$submit$1$$anonfun$apply$1.apply(Execute.scala:228)
	at sbt.ErrorHandling$.wideConvert(ErrorHandling.scala:17)
	at sbt.Execute.work(Execute.scala:237)
	at sbt.Execute$$anonfun$submit$1.apply(Execute.scala:228)
	at sbt.Execute$$anonfun$submit$1.apply(Execute.scala:228)
	at sbt.ConcurrentRestrictions$$anon$4$$anonfun$1.apply(ConcurrentRestrictions.scala:159)
	at sbt.CompletionService$$anon$2.call(CompletionService.scala:28)
	at java.util.concurrent.FutureTask.run(FutureTask.java:266)
	at java.util.concurrent.Executors$RunnableAdapter.call(Executors.java:511)
	at java.util.concurrent.FutureTask.run(FutureTask.java:266)
	at java.util.concurrent.ThreadPoolExecutor.runWorker(ThreadPoolExecutor.java:1142)
	at java.util.concurrent.ThreadPoolExecutor$Worker.run(ThreadPoolExecutor.java:617)
	at java.lang.Thread.run(Thread.java:748)
</failure>
                                               </testcase>
                     <system-out></system-out>
                     <system-err></system-err>
                   </testsuite>